<?xml version="1.0" encoding="UTF-8"?>
<testsuite xmlns:xsi="http://www.w3.org/2001/XMLSchema-instance" xsi:noNamespaceSchemaLocation="https://maven.apache.org/surefire/maven-surefire-plugin/xsd/surefire-test-report-3.0.xsd" version="3.0" name="reviewtask.RunCucumberTest" time="20.755" tests="3" errors="0" skipped="0" failures="0">
  <properties>
[...]
</properties>
  <testcase name="Launch the login page" classname="Review  Task" time="9.291">
    <system-out><![CDATA[
Scenario: Launch the login page                             &amp#27;[90m# reviewtask/reviewtask.feature:3&amp#27;[0m
  &amp#27;[32mGiven &amp#27;[0m&amp#27;[32mLogin to page &amp#27;[0m&amp#27;[32m&amp#27;[1m"dhea.arvie@formulatrix.com"&amp#27;[0m&amp#27;[32m &amp#27;[0m&amp#27;[32m&amp#27;[1m"123456"&amp#27;[0m &amp#27;[90m# reviewtask.loginstep.LoginStep.login_to_page(java.lang.String,java.lang.String)&amp#27;[0m
  &amp#27;[32mThen &amp#27;[0m&amp#27;[32mis success to dashboard page&amp#27;[0m                         &amp#27;[90m# reviewtask.loginstep.LoginStep.is_success_to_dashboard_page()&amp#27;[0m
]]></system-out>
    <system-err><![CDATA[SLF4J: Failed to load class "org.slf4j.impl.StaticLoggerBinder".
SLF4J: Defaulting to no-operation (NOP) logger implementation
SLF4J: See http://www.slf4j.org/codes.html#StaticLoggerBinder for further details.
Aug 28, 2023 9:02:27 AM org.openqa.selenium.devtools.CdpVersionFinder findNearestMatch
WARNING: Unable to find an exact match for CDP version 116, so returning the closest version found: 115
]]></system-err>
  </testcase>
  <testcase name="Load the review task page" classname="Review  Task" time="4.539">
    <system-out><![CDATA[
Scenario: Load the review task page &amp#27;[90m# reviewtask/reviewtask.feature:7&amp#27;[0m
  &amp#27;[32mWhen &amp#27;[0m&amp#27;[32mload to review task page&amp#27;[0m     &amp#27;[90m# reviewtask.generalstep.GeneralStep.load_to_review_task_page()&amp#27;[0m
  &amp#27;[32mThen &amp#27;[0m&amp#27;[32mthe review task page loaded&amp#27;[0m  &amp#27;[90m# reviewtask.generalstep.GeneralStep.the_review_task_page_loaded()&amp#27;[0m
]]></system-out>
  </testcase>
  <testcase name="Select desired period" classname="Review  Task" time="6.714">
    <system-out><![CDATA[
Scenario: Select desired period          &amp#27;[90m# reviewtask/reviewtask.feature:10&amp#27;[0m
  &amp#27;[32mWhen &amp#27;[0m&amp#27;[32mload to review task page&amp#27;[0m          &amp#27;[90m# reviewtask.generalstep.GeneralStep.load_to_review_task_page()&amp#27;[0m
  &amp#27;[32mAnd &amp#27;[0m&amp#27;[32mselect the period&amp#27;[0m                  &amp#27;[90m# reviewtask.generalstep.GeneralStep.select_the_period()&amp#27;[0m
  &amp#27;[32mThen &amp#27;[0m&amp#27;[32mthe select period can be selected&amp#27;[0m &amp#27;[90m# reviewtask.generalstep.GeneralStep.the_select_period_can_be_selected()&amp#27;[0m
]]></system-out>
  </testcase>
</testsuite>